2025-08-28 17:07:35,424 - __main__ - INFO - CryptoDataCollector (Polygon.io) initialized successfully
2025-08-28 17:07:35,424 - __main__ - INFO - Starting comprehensive data collection using Polygon.io API
2025-08-28 17:07:35,424 - __main__ - INFO - Fetching available cryptocurrency tickers
2025-08-28 17:07:35,425 - __main__ - INFO - Loaded 30 major cryptocurrencies from crypto_data/major_crypto_currencies.json
2025-08-28 17:07:36,619 - __main__ - INFO - Found 30 cryptocurrency tickers
2025-08-28 17:07:36,619 - __main__ - INFO - Processing 30 cryptocurrency tickers
2025-08-28 17:07:36,620 - __main__ - INFO - Processing X:AAVEUSD (1/30)
2025-08-28 17:07:38,125 - __main__ - INFO - Saved historical data for X:AAVEUSD to crypto_data/historical/X_AAVEUSD_historical.csv
2025-08-28 17:07:38,125 - __main__ - INFO - Processing X:ADAUSD (2/30)
2025-08-28 17:07:39,577 - __main__ - INFO - Saved historical data for X:ADAUSD to crypto_data/historical/X_ADAUSD_historical.csv
2025-08-28 17:07:39,578 - __main__ - INFO - Processing X:ALGOUSD (3/30)
2025-08-28 17:07:41,029 - __main__ - INFO - Saved historical data for X:ALGOUSD to crypto_data/historical/X_ALGOUSD_historical.csv
2025-08-28 17:07:41,030 - __main__ - INFO - Processing X:ATOMUSD (4/30)
2025-08-28 17:07:42,466 - __main__ - INFO - Saved historical data for X:ATOMUSD to crypto_data/historical/X_ATOMUSD_historical.csv
2025-08-28 17:07:42,466 - __main__ - INFO - Processing X:AVAXUSD (5/30)
2025-08-28 17:07:43,918 - __main__ - INFO - Saved historical data for X:AVAXUSD to crypto_data/historical/X_AVAXUSD_historical.csv
2025-08-28 17:07:43,918 - __main__ - INFO - Processing X:BATUSD (6/30)
2025-08-28 17:07:45,424 - __main__ - INFO - Saved historical data for X:BATUSD to crypto_data/historical/X_BATUSD_historical.csv
2025-08-28 17:07:45,424 - __main__ - INFO - Processing X:BCHUSD (7/30)
2025-08-28 17:07:46,892 - __main__ - INFO - Saved historical data for X:BCHUSD to crypto_data/historical/X_BCHUSD_historical.csv
2025-08-28 17:07:46,892 - __main__ - INFO - Processing X:BTCUSD (8/30)
2025-08-28 17:07:48,368 - __main__ - INFO - Saved historical data for X:BTCUSD to crypto_data/historical/X_BTCUSD_historical.csv
2025-08-28 17:07:48,368 - __main__ - INFO - Processing X:COMPUSD (9/30)
2025-08-28 17:07:49,829 - __main__ - INFO - Saved historical data for X:COMPUSD to crypto_data/historical/X_COMPUSD_historical.csv
2025-08-28 17:07:49,829 - __main__ - INFO - Processing X:CRVUSD (10/30)
2025-08-28 17:07:51,323 - __main__ - INFO - Saved historical data for X:CRVUSD to crypto_data/historical/X_CRVUSD_historical.csv
2025-08-28 17:07:51,324 - __main__ - INFO - Processing X:DOGEUSD (11/30)
2025-08-28 17:07:52,812 - __main__ - INFO - Saved historical data for X:DOGEUSD to crypto_data/historical/X_DOGEUSD_historical.csv
2025-08-28 17:07:52,813 - __main__ - INFO - Processing X:DOTUSD (12/30)
2025-08-28 17:07:54,262 - __main__ - INFO - Saved historical data for X:DOTUSD to crypto_data/historical/X_DOTUSD_historical.csv
2025-08-28 17:07:54,262 - __main__ - INFO - Processing X:ENJUSD (13/30)
2025-08-28 17:07:55,741 - __main__ - INFO - Saved historical data for X:ENJUSD to crypto_data/historical/X_ENJUSD_historical.csv
2025-08-28 17:07:55,741 - __main__ - INFO - Processing X:ETHUSD (14/30)
2025-08-28 17:07:57,190 - __main__ - INFO - Saved historical data for X:ETHUSD to crypto_data/historical/X_ETHUSD_historical.csv
2025-08-28 17:07:57,191 - __main__ - INFO - Processing X:FTTUSD (15/30)
2025-08-28 17:07:58,565 - __main__ - WARNING - Failed to fetch daily bars for X:FTTUSD
2025-08-28 17:07:58,566 - __main__ - WARNING - Failed to get valid historical data for X:FTTUSD
2025-08-28 17:07:58,566 - __main__ - INFO - Processing X:LINKUSD (16/30)
2025-08-28 17:08:00,035 - __main__ - INFO - Saved historical data for X:LINKUSD to crypto_data/historical/X_LINKUSD_historical.csv
2025-08-28 17:08:00,035 - __main__ - INFO - Processing X:LTCUSD (17/30)
2025-08-28 17:08:01,496 - __main__ - INFO - Saved historical data for X:LTCUSD to crypto_data/historical/X_LTCUSD_historical.csv
2025-08-28 17:08:01,496 - __main__ - INFO - Processing X:MANAUSD (18/30)
2025-08-28 17:08:02,975 - __main__ - INFO - Saved historical data for X:MANAUSD to crypto_data/historical/X_MANAUSD_historical.csv
2025-08-28 17:08:02,975 - __main__ - INFO - Processing X:MATICUSD (19/30)
2025-08-28 17:08:04,450 - __main__ - INFO - Saved historical data for X:MATICUSD to crypto_data/historical/X_MATICUSD_historical.csv
2025-08-28 17:08:04,451 - __main__ - INFO - Processing X:MKRUSD (20/30)
2025-08-28 17:08:05,961 - __main__ - INFO - Saved historical data for X:MKRUSD to crypto_data/historical/X_MKRUSD_historical.csv
2025-08-28 17:08:05,961 - __main__ - INFO - Processing X:NEARUSD (21/30)
2025-08-28 17:08:07,433 - __main__ - INFO - Saved historical data for X:NEARUSD to crypto_data/historical/X_NEARUSD_historical.csv
2025-08-28 17:08:07,433 - __main__ - INFO - Processing X:SANDUSD (22/30)
2025-08-28 17:08:08,918 - __main__ - INFO - Saved historical data for X:SANDUSD to crypto_data/historical/X_SANDUSD_historical.csv
2025-08-28 17:08:08,918 - __main__ - INFO - Processing X:SNXUSD (23/30)
2025-08-28 17:08:10,375 - __main__ - INFO - Saved historical data for X:SNXUSD to crypto_data/historical/X_SNXUSD_historical.csv
2025-08-28 17:08:10,376 - __main__ - INFO - Processing X:SOLUSD (24/30)
2025-08-28 17:08:11,881 - __main__ - INFO - Saved historical data for X:SOLUSD to crypto_data/historical/X_SOLUSD_historical.csv
2025-08-28 17:08:11,881 - __main__ - INFO - Processing X:SUSHIUSD (25/30)
2025-08-28 17:08:13,338 - __main__ - INFO - Saved historical data for X:SUSHIUSD to crypto_data/historical/X_SUSHIUSD_historical.csv
2025-08-28 17:08:13,338 - __main__ - INFO - Processing X:UNIUSD (26/30)
2025-08-28 17:08:14,806 - __main__ - INFO - Saved historical data for X:UNIUSD to crypto_data/historical/X_UNIUSD_historical.csv
2025-08-28 17:08:14,806 - __main__ - INFO - Processing X:XLMUSD (27/30)
2025-08-28 17:08:16,275 - __main__ - INFO - Saved historical data for X:XLMUSD to crypto_data/historical/X_XLMUSD_historical.csv
2025-08-28 17:08:16,275 - __main__ - INFO - Processing X:XRPUSD (28/30)
2025-08-28 17:08:17,721 - __main__ - INFO - Saved historical data for X:XRPUSD to crypto_data/historical/X_XRPUSD_historical.csv
2025-08-28 17:08:17,722 - __main__ - INFO - Processing X:YFIUSD (29/30)
2025-08-28 17:08:19,169 - __main__ - INFO - Saved historical data for X:YFIUSD to crypto_data/historical/X_YFIUSD_historical.csv
2025-08-28 17:08:19,170 - __main__ - INFO - Processing X:ZRXUSD (30/30)
2025-08-28 17:08:20,618 - __main__ - INFO - Saved historical data for X:ZRXUSD to crypto_data/historical/X_ZRXUSD_historical.csv
2025-08-28 17:08:20,621 - __main__ - INFO - Saved daily snapshot to crypto_data/daily_snapshots/2025-08-28_snapshot.csv
2025-08-28 17:08:20,621 - __main__ - INFO - Data collection completed successfully
